2025-12-18 01:27:08,612 | INFO | 
============================================================
PIPELINE SUMMARY
============================================================
              step  delta_rows  cols_added_removed  execution_time
    merge_other_df           0                   2        0.004545
 convert_to_string           0                   0        0.002995
explode_categories           0                   0        0.002952
 drop_missing_rows         -30                   0        0.002572
 remove_duplicates          -5                   0        0.002318
============================================================
WARNINGS:
  - convert_to_string | dtype_changes={'id': 'int64 -> object'}
  - explode_categories | dtype_changes={'category_id': 'int64 -> object'}
  - drop_missing_rows | significant_numeric_changes={'value_mean': '-1.77 -> -3.58 (102.4%)'}
  - remove_duplicates | significant_numeric_changes={'value_mean': '-3.58 -> -1.34 (62.7%)'}
============================================================
2025-12-18 01:28:33,176 | INFO | 
============================================================
PIPELINE SUMMARY
============================================================
              step  delta_rows  cols_added_removed  execution_time
    merge_other_df           0                   2        0.004537
 convert_to_string           0                   0        0.003028
explode_categories           0                   0        0.003143
 drop_missing_rows         -30                   0        0.002631
 remove_duplicates          -5                   0        0.002408
============================================================
WARNINGS:
  - convert_to_string | dtype_changes={'id': 'int64 -> object'}
  - explode_categories | dtype_changes={'category_id': 'int64 -> object'}
  - explode_categories | cardinality_changes={'category_id': '5 -> 105 (+2000.0%)'}
  - drop_missing_rows | significant_numeric_changes={'value_mean': '-1.77 -> -3.58 (102.4%)'}
  - remove_duplicates | significant_numeric_changes={'value_mean': '-3.58 -> -1.34 (62.7%)'}
============================================================
2025-12-18 02:07:34,300 | INFO | 
============================================================
PIPELINE SUMMARY
============================================================
                           step  delta_rows  cols_added_removed  execution_time
                 merge_other_df           0                   2        0.004246
 accidentally_convert_to_string           0                   0        0.002765
accidentally_explode_categories           0                   0        0.002661
              drop_missing_rows         -30                   0        0.002439
              remove_duplicates          -5                   0        0.002172
============================================================
WARNINGS:
  - drop_missing_rows | significant_numeric_changes={'value_mean': '-1.77 -> -3.58 (102.4%)'}
  - remove_duplicates | significant_numeric_changes={'value_mean': '-3.58 -> -1.34 (62.7%)'}
============================================================
2025-12-18 02:08:51,142 | INFO | 
============================================================
PIPELINE SUMMARY
============================================================
                           step  delta_rows  cols_added_removed  execution_time
                 merge_other_df           0                   2        0.004545
 accidentally_convert_to_string           0                   0        0.002958
accidentally_explode_categories           0                   0        0.002834
              drop_missing_rows         -30                   0        0.002527
              remove_duplicates          -5                   0        0.002206
============================================================
WARNINGS:
  - accidentally_convert_to_string | dtype_changes={'id': 'int64 -> object'}
  - accidentally_explode_categories | dtype_changes={'category_id': 'int64 -> object'}
  - drop_missing_rows | significant_numeric_changes={'value_mean': '-1.77 -> -3.58 (102.4%)'}
  - remove_duplicates | significant_numeric_changes={'value_mean': '-3.58 -> -1.34 (62.7%)'}
============================================================
